2020-09-07 23:18:24,730 [main] INFO  sn.SocialNetworkApplication                        - Starting SocialNetworkApplication on DESKTOP-LGLGNS7 with PID 6888 (F:\JAVA\SB\Diploma Multi\javapro-socialnetwork-studygroup-7\target\classes started by Александр in F:\JAVA\SB\Diploma Multi\javapro-socialnetwork-studygroup-7)
2020-09-07 23:18:24,736 [main] INFO  sn.SocialNetworkApplication                        - No active profile set, falling back to default profiles: default
2020-09-07 23:18:25,590 [main] INFO  o.s.d.r.c.RepositoryConfigurationDelegate          - Bootstrapping Spring Data JPA repositories in DEFERRED mode.
2020-09-07 23:18:25,680 [main] INFO  o.s.d.r.c.RepositoryConfigurationDelegate          - Finished Spring Data repository scanning in 82ms. Found 8 JPA repository interfaces.
2020-09-07 23:18:25,969 [main] INFO  o.s.c.s.PostProcessorRegistrationDelegate$BeanPostProcessorChecker - Bean 'org.springframework.security.access.expression.method.DefaultMethodSecurityExpressionHandler@1716e8c5' of type [org.springframework.security.access.expression.method.DefaultMethodSecurityExpressionHandler] is not eligible for getting processed by all BeanPostProcessors (for example: not eligible for auto-proxying)
2020-09-07 23:18:25,973 [main] INFO  o.s.c.s.PostProcessorRegistrationDelegate$BeanPostProcessorChecker - Bean 'methodSecurityMetadataSource' of type [org.springframework.security.access.method.DelegatingMethodSecurityMetadataSource] is not eligible for getting processed by all BeanPostProcessors (for example: not eligible for auto-proxying)
2020-09-07 23:18:26,369 [main] INFO  o.s.b.w.embedded.tomcat.TomcatWebServer            - Tomcat initialized with port(s): 8080 (http)
2020-09-07 23:18:26,377 [main] INFO  o.apache.coyote.http11.Http11NioProtocol           - Initializing ProtocolHandler ["http-nio-8080"]
2020-09-07 23:18:26,377 [main] INFO  org.apache.catalina.core.StandardService           - Starting service [Tomcat]
2020-09-07 23:18:26,377 [main] INFO  org.apache.catalina.core.StandardEngine            - Starting Servlet engine: [Apache Tomcat/9.0.37]
2020-09-07 23:18:26,470 [main] INFO  o.a.c.c.C.[Tomcat].[localhost].[/api/v1]           - Initializing Spring embedded WebApplicationContext
2020-09-07 23:18:26,470 [main] INFO  o.s.b.w.s.c.ServletWebServerApplicationContext     - Root WebApplicationContext: initialization completed in 1682 ms
2020-09-07 23:18:26,622 [main] INFO  o.f.core.internal.license.VersionPrinter           - Flyway Community Edition 6.4.4 by Redgate
2020-09-07 23:18:26,629 [main] INFO  com.zaxxer.hikari.HikariDataSource                 - HikariPool-1 - Starting...
2020-09-07 23:18:26,772 [main] INFO  com.zaxxer.hikari.HikariDataSource                 - HikariPool-1 - Start completed.
2020-09-07 23:18:26,804 [main] INFO  o.f.c.internal.database.DatabaseFactory            - Database: jdbc:postgresql://localhost:5432/snet (PostgreSQL 12.4)
2020-09-07 23:18:26,859 [main] INFO  o.f.core.internal.command.DbValidate               - Successfully validated 9 migrations (execution time 00:00.028s)
2020-09-07 23:18:26,866 [main] INFO  o.f.core.internal.command.DbMigrate                - Current version of schema "public": 11
2020-09-07 23:18:26,867 [main] INFO  o.f.core.internal.command.DbMigrate                - Schema "public" is up to date. No migration necessary.
2020-09-07 23:18:26,965 [main] INFO  o.s.s.concurrent.ThreadPoolTaskExecutor            - Initializing ExecutorService 'applicationTaskExecutor'
2020-09-07 23:18:27,026 [task-1] INFO  o.hibernate.jpa.internal.util.LogHelper            - HHH000204: Processing PersistenceUnitInfo [name: default]
2020-09-07 23:18:27,070 [main] WARN  o.s.b.a.o.j.JpaBaseConfiguration$JpaWebConfiguration - spring.jpa.open-in-view is enabled by default. Therefore, database queries may be performed during view rendering. Explicitly configure spring.jpa.open-in-view to disable this warning
2020-09-07 23:18:27,134 [task-1] INFO  org.hibernate.Version                              - HHH000412: Hibernate ORM core version 5.4.18.Final
2020-09-07 23:18:27,345 [task-1] INFO  org.hibernate.annotations.common.Version           - HCANN000001: Hibernate Commons Annotations {5.1.0.Final}
2020-09-07 23:18:27,471 [main] INFO  o.s.s.web.DefaultSecurityFilterChain               - Creating filter chain: any request, [org.springframework.security.web.context.request.async.WebAsyncManagerIntegrationFilter@307c59ea, org.springframework.security.web.context.SecurityContextPersistenceFilter@159ac15f, org.springframework.security.web.header.HeaderWriterFilter@6befbb12, org.springframework.web.filter.CorsFilter@57e03347, org.springframework.security.web.authentication.logout.LogoutFilter@29bd85db, sn.config.JwtAuthenticationFilter@2edb2f8b, sn.config.JwtAuthorizationFilter@733f1395, org.springframework.security.web.savedrequest.RequestCacheAwareFilter@7af1d072, org.springframework.security.web.servletapi.SecurityContextHolderAwareRequestFilter@55c1ced9, org.springframework.security.web.authentication.AnonymousAuthenticationFilter@21dea711, org.springframework.security.web.session.SessionManagementFilter@799f354a, org.springframework.security.web.access.ExceptionTranslationFilter@2e4eda17, org.springframework.security.web.access.intercept.FilterSecurityInterceptor@6eda012b]
2020-09-07 23:18:27,506 [task-1] INFO  org.hibernate.dialect.Dialect                      - HHH000400: Using dialect: org.hibernate.dialect.PostgreSQL10Dialect
2020-09-07 23:18:27,808 [main] INFO  o.apache.coyote.http11.Http11NioProtocol           - Starting ProtocolHandler ["http-nio-8080"]
2020-09-07 23:18:27,834 [main] INFO  o.s.b.w.embedded.tomcat.TomcatWebServer            - Tomcat started on port(s): 8080 (http) with context path '/api/v1'
2020-09-07 23:18:27,836 [main] INFO  o.s.d.r.c.DeferredRepositoryInitializationListener - Triggering deferred initialization of Spring Data repositories…
2020-09-07 23:18:28,305 [task-1] INFO  o.h.e.t.j.p.i.JtaPlatformInitiator                 - HHH000490: Using JtaPlatform implementation: [org.hibernate.engine.transaction.jta.platform.internal.NoJtaPlatform]
2020-09-07 23:18:28,311 [task-1] INFO  o.s.o.j.LocalContainerEntityManagerFactoryBean     - Initialized JPA EntityManagerFactory for persistence unit 'default'
2020-09-07 23:18:28,752 [main] INFO  o.s.d.r.c.DeferredRepositoryInitializationListener - Spring Data repositories initialized!
2020-09-07 23:18:28,759 [main] INFO  sn.SocialNetworkApplication                        - Started SocialNetworkApplication in 4.383 seconds (JVM running for 4.972)
